2025-02-26 10:05:46 [scrapy.utils.log] INFO: Scrapy 2.4.1 started (bot: dell)
2025-02-26 10:05:46 [scrapy.utils.log] INFO: Versions: lxml 5.3.1.0, libxml2 2.12.9, cssselect 1.2.0, parsel 1.7.0, w3lib 2.2.1, Twisted 22.10.0, Python 3.8.18 (default, Dec 12 2024, 19:15:30) - [GCC 13.2.0], pyOpenSSL 22.0.0 (OpenSSL 3.0.5 5 Jul 2022), cryptography 38.0.1, Platform Linux-6.8.0-1021-azure-x86_64-with-glibc2.34
2025-02-26 10:05:46 [scrapy.crawler] INFO: Overridden settings:
{'BOT_NAME': 'dell',
 'DOWNLOAD_DELAY': 3,
 'FEED_EXPORT_ENCODING': 'utf-8',
 'LOG_FILE': '/home/runner/work/dell_price_check/dell_price_check/scrapers/scrapy.log',
 'LOG_LEVEL': 'INFO',
 'NEWSPIDER_MODULE': 'dell.spiders',
 'SPIDER_MODULES': ['dell.spiders']}
2025-02-26 10:05:46 [scrapy.extensions.telnet] INFO: Telnet Password: 0d1dea8b7cf91e31
2025-02-26 10:05:46 [scrapy.middleware] INFO: Enabled extensions:
['scrapy.extensions.corestats.CoreStats',
 'scrapy.extensions.telnet.TelnetConsole',
 'scrapy.extensions.memusage.MemoryUsage',
 'scrapy.extensions.logstats.LogStats']
2025-02-26 10:05:46 [scrapy.middleware] WARNING: Disabled SeleniumMiddleware: SELENIUM_DRIVER_NAME and SELENIUM_DRIVER_EXECUTABLE_PATH must be set
2025-02-26 10:05:46 [scrapy.middleware] INFO: Enabled downloader middlewares:
['scrapy.downloadermiddlewares.httpauth.HttpAuthMiddleware',
 'scrapy.downloadermiddlewares.downloadtimeout.DownloadTimeoutMiddleware',
 'scrapy.downloadermiddlewares.defaultheaders.DefaultHeadersMiddleware',
 'scrapy.downloadermiddlewares.useragent.UserAgentMiddleware',
 'scrapy.downloadermiddlewares.retry.RetryMiddleware',
 'scrapy.downloadermiddlewares.redirect.MetaRefreshMiddleware',
 'scrapy.downloadermiddlewares.httpcompression.HttpCompressionMiddleware',
 'scrapy.downloadermiddlewares.redirect.RedirectMiddleware',
 'scrapy.downloadermiddlewares.cookies.CookiesMiddleware',
 'scrapy.downloadermiddlewares.httpproxy.HttpProxyMiddleware',
 'scrapy.downloadermiddlewares.stats.DownloaderStats']
2025-02-26 10:05:46 [scrapy.middleware] INFO: Enabled spider middlewares:
['scrapy.spidermiddlewares.httperror.HttpErrorMiddleware',
 'scrapy.spidermiddlewares.offsite.OffsiteMiddleware',
 'scrapy.spidermiddlewares.referer.RefererMiddleware',
 'scrapy.spidermiddlewares.urllength.UrlLengthMiddleware',
 'scrapy.spidermiddlewares.depth.DepthMiddleware']
2025-02-26 10:05:46 [scrapy.middleware] INFO: Enabled item pipelines:
['dell.pipelines.SQLAlchemyPipeline']
2025-02-26 10:05:46 [scrapy.core.engine] INFO: Spider opened
2025-02-26 10:05:46 [scrapy.extensions.logstats] INFO: Crawled 0 pages (at 0 pages/min), scraped 0 items (at 0 items/min)
2025-02-26 10:05:46 [scrapy.extensions.telnet] INFO: Telnet console listening on 127.0.0.1:6023
2025-02-26 10:05:47 [scrapy.spidermiddlewares.httperror] INFO: Ignoring response <403 https://www.dell.com/ja-jp/shop/dell-laptops/scr/laptops>: HTTP status code is not handled or not allowed
2025-02-26 10:05:47 [scrapy.core.engine] INFO: Closing spider (finished)
2025-02-26 10:05:47 [scrapy.statscollectors] INFO: Dumping Scrapy stats:
{'downloader/request_bytes': 247,
 'downloader/request_count': 1,
 'downloader/request_method_count/GET': 1,
 'downloader/response_bytes': 2093,
 'downloader/response_count': 1,
 'downloader/response_status_count/403': 1,
 'elapsed_time_seconds': 0.972508,
 'finish_reason': 'finished',
 'finish_time': datetime.datetime(2025, 2, 26, 10, 5, 47, 459525),
 'httperror/response_ignored_count': 1,
 'httperror/response_ignored_status_count/403': 1,
 'log_count/INFO': 11,
 'log_count/WARNING': 1,
 'memusage/max': 82812928,
 'memusage/startup': 82812928,
 'response_received_count': 1,
 'scheduler/dequeued': 1,
 'scheduler/dequeued/memory': 1,
 'scheduler/enqueued': 1,
 'scheduler/enqueued/memory': 1,
 'start_time': datetime.datetime(2025, 2, 26, 10, 5, 46, 487017)}
2025-02-26 10:05:47 [scrapy.core.engine] INFO: Spider closed (finished)
